TN:
SF:src/modules/accounts/useCases/authenticateUser/AuthenticateUserController.ts
FN:6,AuthenticateUserController
FN:7,Object.<anonymous>.AuthenticateUserController.handle
FNF:2
FNH:2
FNDA:1,AuthenticateUserController
FNDA:2,Object.<anonymous>.AuthenticateUserController.handle
DA:1,1
DA:2,1
DA:3,1
DA:4,1
DA:5,1
DA:6,1
DA:7,1
DA:8,2
DA:9,2
DA:10,2
DA:11,2
DA:12,2
DA:13,2
DA:14,2
DA:15,2
DA:16,1
DA:17,1
DA:18,1
DA:19,1
LF:19
LH:19
BRDA:6,0,0,1
BRDA:6,1,0,1
BRDA:7,2,0,2
BRF:3
BRH:3
end_of_record
TN:
SF:src/modules/accounts/useCases/authenticateUser/AuthenticateUserUseCase.ts
FN:27,AuthenticateUserUseCase
FN:36,Object.<anonymous>.AuthenticateUserUseCase.execute
FNF:2
FNH:2
FNDA:2,AuthenticateUserUseCase
FNDA:2,Object.<anonymous>.AuthenticateUserUseCase.execute
DA:1,1
DA:2,1
DA:3,1
DA:4,1
DA:5,1
DA:6,1
DA:7,1
DA:8,1
DA:9,1
DA:10,1
DA:11,1
DA:12,1
DA:13,1
DA:14,1
DA:15,1
DA:16,1
DA:17,1
DA:18,1
DA:19,1
DA:20,1
DA:21,1
DA:22,1
DA:23,1
DA:24,1
DA:25,1
DA:26,1
DA:27,1
DA:28,2
DA:29,2
DA:30,2
DA:31,2
DA:32,2
DA:33,2
DA:34,1
DA:35,1
DA:36,1
DA:37,2
DA:38,2
DA:39,2
DA:40,2
DA:41,0
DA:42,0
DA:43,2
DA:44,2
DA:45,2
DA:46,0
DA:47,0
DA:48,2
DA:49,2
DA:50,2
DA:51,2
DA:52,2
DA:53,2
DA:54,2
DA:55,2
DA:56,2
DA:57,2
DA:58,2
DA:59,2
DA:60,2
DA:61,2
DA:62,2
DA:63,2
DA:64,2
DA:65,2
DA:66,2
DA:67,2
DA:68,2
DA:69,2
DA:70,2
DA:71,2
DA:72,2
DA:73,2
DA:74,2
DA:75,2
DA:76,2
DA:77,2
DA:78,2
DA:79,1
DA:80,1
DA:81,1
LF:81
LH:77
BRDA:26,0,0,1
BRDA:27,1,0,2
BRDA:36,2,0,2
BRDA:37,3,0,2
BRDA:40,4,0,0
BRDA:45,5,0,0
BRF:6
BRH:4
end_of_record
TN:
SF:src/modules/accounts/useCases/createUser/CreateUserController.ts
FN:5,CreateUserController
FN:6,Object.<anonymous>.CreateUserController.handle
FNF:2
FNH:1
FNDA:1,CreateUserController
FNDA:0,Object.<anonymous>.CreateUserController.handle
DA:1,1
DA:2,1
DA:3,1
DA:4,1
DA:5,1
DA:6,1
DA:7,0
DA:8,0
DA:9,0
DA:10,0
DA:11,0
DA:12,0
DA:13,0
DA:14,0
DA:15,0
DA:16,0
DA:17,0
DA:18,0
DA:19,1
DA:20,1
DA:21,1
LF:21
LH:9
BRDA:5,0,0,1
BRDA:5,1,0,1
BRF:2
BRH:2
end_of_record
TN:
SF:src/modules/accounts/useCases/createUser/CreateUserUseCase.ts
FN:10,CreateUserUseCase
FN:15,Object.<anonymous>.CreateUserUseCase.execute
FNF:2
FNH:2
FNDA:3,CreateUserUseCase
FNDA:2,Object.<anonymous>.CreateUserUseCase.execute
DA:1,1
DA:2,1
DA:3,1
DA:4,1
DA:5,1
DA:6,1
DA:7,1
DA:8,1
DA:9,1
DA:10,1
DA:11,3
DA:12,3
DA:13,1
DA:14,1
DA:15,1
DA:16,2
DA:17,2
DA:18,2
DA:19,0
DA:20,0
DA:21,2
DA:22,2
DA:23,2
DA:24,2
DA:25,2
DA:26,2
DA:27,2
DA:28,2
DA:29,2
DA:30,2
DA:31,1
DA:32,1
DA:33,1
LF:33
LH:31
BRDA:9,0,0,1
BRDA:10,1,0,3
BRDA:15,2,0,2
BRDA:16,3,0,2
BRDA:18,4,0,0
BRF:5
BRH:4
end_of_record
TN:
SF:src/modules/accounts/useCases/refresh_token/RefreshTokenController.ts
FN:5,RefreshTokenController
FN:6,Object.<anonymous>.RefreshTokenController.handle
FNF:2
FNH:1
FNDA:1,RefreshTokenController
FNDA:0,Object.<anonymous>.RefreshTokenController.handle
DA:1,1
DA:2,1
DA:3,1
DA:4,1
DA:5,1
DA:6,1
DA:7,0
DA:8,0
DA:9,0
DA:10,0
DA:11,0
DA:12,0
DA:13,1
DA:14,1
DA:15,1
LF:15
LH:9
BRDA:5,0,0,1
BRDA:5,1,0,1
BRF:2
BRH:2
end_of_record
TN:
SF:src/modules/accounts/useCases/refresh_token/RefreshTokenUseCase.ts
FN:16,RefreshTokenUseCase
FN:23,Object.<anonymous>.RefreshTokenUseCase.execute
FNF:2
FNH:0
FNDA:0,RefreshTokenUseCase
FNDA:0,Object.<anonymous>.RefreshTokenUseCase.execute
DA:1,1
DA:2,1
DA:3,1
DA:4,1
DA:5,1
DA:6,1
DA:7,1
DA:8,1
DA:9,1
DA:10,1
DA:11,1
DA:12,1
DA:13,1
DA:14,1
DA:15,1
DA:16,1
DA:17,0
DA:18,0
DA:19,0
DA:20,0
DA:21,0
DA:22,1
DA:23,1
DA:24,0
DA:25,0
DA:26,0
DA:27,0
DA:28,0
DA:29,0
DA:30,0
DA:31,0
DA:32,0
DA:33,0
DA:34,0
DA:35,0
DA:36,0
DA:37,0
DA:38,0
DA:39,0
DA:40,0
DA:41,0
DA:42,0
DA:43,0
DA:44,0
DA:45,0
DA:46,0
DA:47,0
DA:48,0
DA:49,1
DA:50,1
DA:51,1
LF:51
LH:21
BRDA:15,0,0,1
BRF:1
BRH:1
end_of_record
TN:
SF:src/modules/accounts/useCases/resetPasswordUser/ResetPasswordUserController.ts
FN:5,ResetPasswordUserController
FN:6,Object.<anonymous>.ResetPasswordUserController.handle
FNF:2
FNH:1
FNDA:1,ResetPasswordUserController
FNDA:0,Object.<anonymous>.ResetPasswordUserController.handle
DA:1,1
DA:2,1
DA:3,1
DA:4,1
DA:5,1
DA:6,1
DA:7,0
DA:8,0
DA:9,0
DA:10,0
DA:11,0
DA:12,0
DA:13,0
DA:14,0
DA:15,1
DA:16,1
DA:17,1
LF:17
LH:9
BRDA:5,0,0,1
BRDA:5,1,0,1
BRF:2
BRH:2
end_of_record
TN:
SF:src/modules/accounts/useCases/resetPasswordUser/ResetPasswordUserUseCase.ts
FN:16,ResetPasswordUserUseCase
FN:25,Object.<anonymous>.ResetPasswordUserUseCase.execute
FNF:2
FNH:0
FNDA:0,ResetPasswordUserUseCase
FNDA:0,Object.<anonymous>.ResetPasswordUserUseCase.execute
DA:1,1
DA:2,1
DA:3,1
DA:4,1
DA:5,1
DA:6,1
DA:7,1
DA:8,1
DA:9,1
DA:10,1
DA:11,1
DA:12,1
DA:13,1
DA:14,1
DA:15,1
DA:16,1
DA:17,0
DA:18,0
DA:19,0
DA:20,0
DA:21,0
DA:22,0
DA:23,0
DA:24,1
DA:25,1
DA:26,0
DA:27,0
DA:28,0
DA:29,0
DA:30,0
DA:31,0
DA:32,0
DA:33,0
DA:34,0
DA:35,0
DA:36,0
DA:37,0
DA:38,0
DA:39,0
DA:40,0
DA:41,0
DA:42,0
DA:43,0
DA:44,0
DA:45,1
DA:46,1
DA:47,1
LF:47
LH:21
BRDA:15,0,0,1
BRF:1
BRH:1
end_of_record
TN:
SF:src/modules/accounts/useCases/sendForgotPasswordMail/SendForgotPasswordMailController.ts
FN:5,SendForgotPasswordMailController
FN:6,Object.<anonymous>.SendForgotPasswordMailController.handle
FNF:2
FNH:1
FNDA:1,SendForgotPasswordMailController
FNDA:0,Object.<anonymous>.SendForgotPasswordMailController.handle
DA:1,1
DA:2,1
DA:3,1
DA:4,1
DA:5,1
DA:6,1
DA:7,0
DA:8,0
DA:9,0
DA:10,0
DA:11,0
DA:12,0
DA:13,0
DA:14,1
DA:15,1
DA:16,1
LF:16
LH:9
BRDA:5,0,0,1
BRDA:5,1,0,1
BRF:2
BRH:2
end_of_record
TN:
SF:src/modules/accounts/useCases/sendForgotPasswordMail/SendForgotPasswordMailUseCase.ts
FN:13,SendForgotPasswordMailUseCase
FN:23,Object.<anonymous>.SendForgotPasswordMailUseCase.execute
FNF:2
FNH:2
FNDA:3,SendForgotPasswordMailUseCase
FNDA:3,Object.<anonymous>.SendForgotPasswordMailUseCase.execute
DA:1,1
DA:2,1
DA:3,1
DA:4,1
DA:5,1
DA:6,1
DA:7,1
DA:8,1
DA:9,1
DA:10,1
DA:11,1
DA:12,1
DA:13,1
DA:14,3
DA:15,3
DA:16,3
DA:17,3
DA:18,3
DA:19,3
DA:20,3
DA:21,3
DA:22,3
DA:23,1
DA:24,3
DA:25,3
DA:26,3
DA:27,3
DA:28,3
DA:29,1
DA:30,1
DA:31,2
DA:32,2
DA:33,2
DA:34,2
DA:35,2
DA:36,2
DA:37,2
DA:38,2
DA:39,2
DA:40,2
DA:41,3
DA:42,3
DA:43,3
DA:44,3
DA:45,3
DA:46,3
DA:47,3
DA:48,3
DA:49,3
DA:50,1
DA:51,1
DA:52,1
LF:52
LH:52
BRDA:12,0,0,1
BRDA:13,1,0,3
BRDA:23,2,0,3
BRDA:24,3,0,3
BRDA:28,4,0,1
BRDA:31,5,0,2
BRF:6
BRH:6
end_of_record
TN:
SF:src/modules/accounts/useCases/updateUserAvatar/UpdateUserAvatarController.ts
FN:6,UpdateUserAvatarController
FN:9,Object.<anonymous>.UpdateUserAvatarController.handle
FNF:2
FNH:1
FNDA:1,UpdateUserAvatarController
FNDA:0,Object.<anonymous>.UpdateUserAvatarController.handle
DA:1,1
DA:2,1
DA:3,1
DA:4,1
DA:5,1
DA:6,1
DA:7,1
DA:8,1
DA:9,1
DA:10,0
DA:11,0
DA:12,0
DA:13,0
DA:14,0
DA:15,0
DA:16,0
DA:17,0
DA:18,0
DA:19,0
DA:20,1
DA:21,1
DA:22,1
LF:22
LH:12
BRDA:6,0,0,1
BRDA:6,1,0,1
BRF:2
BRH:2
end_of_record
TN:
SF:src/modules/accounts/useCases/updateUserAvatar/UpdateUserAvatarUseCase.ts
FN:14,UpdateUserAvatarUseCase
FN:19,Object.<anonymous>.UpdateUserAvatarUseCase.execute
FNF:2
FNH:0
FNDA:0,UpdateUserAvatarUseCase
FNDA:0,Object.<anonymous>.UpdateUserAvatarUseCase.execute
DA:1,1
DA:2,1
DA:3,1
DA:4,1
DA:5,1
DA:6,1
DA:7,1
DA:8,1
DA:9,1
DA:10,1
DA:11,1
DA:12,1
DA:13,1
DA:14,1
DA:15,0
DA:16,0
DA:17,1
DA:18,1
DA:19,1
DA:20,0
DA:21,0
DA:22,0
DA:23,0
DA:24,0
DA:25,0
DA:26,0
DA:27,0
DA:28,0
DA:29,1
DA:30,1
DA:31,1
DA:32,1
LF:32
LH:21
BRDA:13,0,0,1
BRF:1
BRH:1
end_of_record
TN:
SF:src/modules/cars/useCases/createCar/CreateCarController.ts
FN:6,CreateCarController
FN:7,Object.<anonymous>.CreateCarController.handle
FNF:2
FNH:1
FNDA:1,CreateCarController
FNDA:0,Object.<anonymous>.CreateCarController.handle
DA:1,1
DA:2,1
DA:3,1
DA:4,1
DA:5,1
DA:6,1
DA:7,1
DA:8,0
DA:9,0
DA:10,0
DA:11,0
DA:12,0
DA:13,0
DA:14,0
DA:15,0
DA:16,0
DA:17,0
DA:18,0
DA:19,0
DA:20,0
DA:21,0
DA:22,0
DA:23,0
DA:24,0
DA:25,0
DA:26,0
DA:27,0
DA:28,0
DA:29,0
DA:30,0
DA:31,0
DA:32,1
DA:33,1
DA:34,1
LF:34
LH:10
BRDA:6,0,0,1
BRDA:6,1,0,1
BRF:2
BRH:2
end_of_record
TN:
SF:src/modules/cars/useCases/createCar/CreateCarUseCase.ts
FN:11,CreateCarUseCase
FN:16,Object.<anonymous>.CreateCarUseCase.execute
FNF:2
FNH:2
FNDA:3,CreateCarUseCase
FNDA:4,Object.<anonymous>.CreateCarUseCase.execute
DA:1,1
DA:2,1
DA:3,1
DA:4,1
DA:5,1
DA:6,1
DA:7,1
DA:8,1
DA:9,1
DA:10,1
DA:11,1
DA:12,3
DA:13,3
DA:14,3
DA:15,1
DA:16,1
DA:17,4
DA:18,4
DA:19,4
DA:20,4
DA:21,4
DA:22,4
DA:23,4
DA:24,4
DA:25,4
DA:26,4
DA:27,4
DA:28,1
DA:29,1
DA:30,3
DA:31,3
DA:32,3
DA:33,3
DA:34,3
DA:35,3
DA:36,3
DA:37,3
DA:38,3
DA:39,3
DA:40,4
DA:41,4
DA:42,4
DA:43,1
DA:44,1
DA:45,1
LF:45
LH:45
BRDA:10,0,0,1
BRDA:11,1,0,3
BRDA:16,2,0,4
BRDA:25,3,0,4
BRDA:27,4,0,1
BRDA:30,5,0,3
BRF:6
BRH:6
end_of_record
TN:
SF:src/modules/cars/useCases/createCarSpecification/CreateCarSpecificationControllers.ts
FN:6,CreateCarSpecificationController
FN:7,Object.<anonymous>.CreateCarSpecificationController.handle
FNF:2
FNH:1
FNDA:1,CreateCarSpecificationController
FNDA:0,Object.<anonymous>.CreateCarSpecificationController.handle
DA:1,1
DA:2,1
DA:3,1
DA:4,1
DA:5,1
DA:6,1
DA:7,1
DA:8,0
DA:9,0
DA:10,0
DA:11,0
DA:12,0
DA:13,0
DA:14,0
DA:15,0
DA:16,0
DA:17,0
DA:18,0
DA:19,0
DA:20,0
DA:21,1
DA:22,1
DA:23,1
LF:23
LH:10
BRDA:6,0,0,1
BRDA:6,1,0,1
BRF:2
BRH:2
end_of_record
TN:
SF:src/modules/cars/useCases/createCarSpecification/CreateCarSpecificationUseCase.ts
FN:15,CreateCarSpecificationUseCase
FN:23,Object.<anonymous>.CreateCarSpecificationUseCase.execute
FNF:2
FNH:2
FNDA:2,CreateCarSpecificationUseCase
FNDA:2,Object.<anonymous>.CreateCarSpecificationUseCase.execute
DA:1,1
DA:2,1
DA:3,1
DA:4,1
DA:5,1
DA:6,1
DA:7,1
DA:8,1
DA:9,1
DA:10,1
DA:11,1
DA:12,1
DA:13,1
DA:14,1
DA:15,1
DA:16,2
DA:17,2
DA:18,2
DA:19,2
DA:20,2
DA:21,2
DA:22,1
DA:23,1
DA:24,2
DA:25,2
DA:26,2
DA:27,1
DA:28,1
DA:29,1
DA:30,1
DA:31,2
DA:32,2
DA:33,2
DA:34,2
DA:35,2
DA:36,2
DA:37,2
DA:38,1
DA:39,1
DA:40,1
LF:40
LH:40
BRDA:14,0,0,1
BRDA:15,1,0,2
BRDA:23,2,0,2
BRDA:24,3,0,2
BRDA:26,4,0,1
BRF:5
BRH:5
end_of_record
TN:
SF:src/modules/cars/useCases/createCategory/CreateCategoryController.ts
FN:5,CreateCategoryController
FN:8,Object.<anonymous>.CreateCategoryController.handle
FNF:2
FNH:2
FNDA:1,CreateCategoryController
FNDA:2,Object.<anonymous>.CreateCategoryController.handle
DA:1,1
DA:2,1
DA:3,1
DA:4,1
DA:5,1
DA:6,1
DA:7,1
DA:8,1
DA:9,2
DA:10,2
DA:11,2
DA:12,2
DA:13,2
DA:14,2
DA:15,2
DA:16,2
DA:17,1
DA:18,1
DA:19,1
LF:19
LH:19
BRDA:5,0,0,1
BRDA:5,1,0,1
BRDA:8,2,0,2
BRF:3
BRH:3
end_of_record
TN:
SF:src/modules/cars/useCases/createCategory/CreateCategoryUseCase.ts
FN:13,CreateCategoryUseCase
FN:19,Object.<anonymous>.CreateCategoryUseCase.execute
FNF:2
FNH:2
FNDA:2,CreateCategoryUseCase
FNDA:2,Object.<anonymous>.CreateCategoryUseCase.execute
DA:1,1
DA:2,1
DA:3,1
DA:4,1
DA:5,1
DA:6,1
DA:7,1
DA:8,1
DA:9,1
DA:10,1
DA:11,1
DA:12,1
DA:13,1
DA:14,2
DA:15,2
DA:16,2
DA:17,1
DA:18,1
DA:19,1
DA:20,2
DA:21,2
DA:22,2
DA:23,2
DA:24,2
DA:25,2
DA:26,2
DA:27,2
DA:28,1
DA:29,1
DA:30,1
DA:31,1
LF:31
LH:31
BRDA:12,0,0,1
BRDA:13,1,0,2
BRDA:19,2,0,2
BRDA:20,3,0,2
BRF:4
BRH:4
end_of_record
TN:
SF:src/modules/cars/useCases/createSpecification/CreateSpecificationController.ts
FN:5,CreateSpecificationController
FN:8,Object.<anonymous>.CreateSpecificationController.handle
FNF:2
FNH:1
FNDA:1,CreateSpecificationController
FNDA:0,Object.<anonymous>.CreateSpecificationController.handle
DA:1,1
DA:2,1
DA:3,1
DA:4,1
DA:5,1
DA:6,1
DA:7,1
DA:8,1
DA:9,0
DA:10,0
DA:11,0
DA:12,0
DA:13,0
DA:14,0
DA:15,0
DA:16,0
DA:17,1
DA:18,1
DA:19,1
LF:19
LH:11
BRDA:5,0,0,1
BRDA:5,1,0,1
BRF:2
BRH:2
end_of_record
TN:
SF:src/modules/cars/useCases/createSpecification/CreateSpecificationUseCase.ts
FN:12,CreateSpecificationUseCase
FN:16,Object.<anonymous>.CreateSpecificationUseCase.execute
FNF:2
FNH:0
FNDA:0,CreateSpecificationUseCase
FNDA:0,Object.<anonymous>.CreateSpecificationUseCase.execute
DA:1,1
DA:2,1
DA:3,1
DA:4,1
DA:5,1
DA:6,1
DA:7,1
DA:8,1
DA:9,1
DA:10,1
DA:11,1
DA:12,1
DA:13,0
DA:14,1
DA:15,1
DA:16,1
DA:17,0
DA:18,0
DA:19,0
DA:20,0
DA:21,0
DA:22,0
DA:23,0
DA:24,0
DA:25,1
DA:26,1
DA:27,1
LF:27
LH:18
BRDA:11,0,0,1
BRF:1
BRH:1
end_of_record
TN:
SF:src/modules/cars/useCases/importCategory/ImportCategoryController.ts
FN:5,ImportCategoryController
FN:6,Object.<anonymous>.ImportCategoryController.handle
FNF:2
FNH:1
FNDA:1,ImportCategoryController
FNDA:0,Object.<anonymous>.ImportCategoryController.handle
DA:1,1
DA:2,1
DA:3,1
DA:4,1
DA:5,1
DA:6,1
DA:7,0
DA:8,0
DA:9,0
DA:10,0
DA:11,0
DA:12,0
DA:13,0
DA:14,0
DA:15,1
DA:16,1
DA:17,1
DA:18,1
LF:18
LH:10
BRDA:5,0,0,1
BRDA:5,1,0,1
BRF:2
BRH:2
end_of_record
TN:
SF:src/modules/cars/useCases/importCategory/ImportCategoryUseCase.ts
FN:15,ImportCategoryUseCase
FN:21,Object.<anonymous>.ImportCategoryUseCase.loadCategories
FN:49,Object.<anonymous>.ImportCategoryUseCase.execute
FNF:3
FNH:0
FNDA:0,ImportCategoryUseCase
FNDA:0,Object.<anonymous>.ImportCategoryUseCase.loadCategories
FNDA:0,Object.<anonymous>.ImportCategoryUseCase.execute
DA:1,1
DA:2,1
DA:3,1
DA:4,1
DA:5,1
DA:6,1
DA:7,1
DA:8,1
DA:9,1
DA:10,1
DA:11,1
DA:12,1
DA:13,1
DA:14,1
DA:15,1
DA:16,0
DA:17,0
DA:18,0
DA:19,1
DA:20,1
DA:21,1
DA:22,0
DA:23,0
DA:24,0
DA:25,0
DA:26,0
DA:27,0
DA:28,0
DA:29,0
DA:30,0
DA:31,0
DA:32,0
DA:33,0
DA:34,0
DA:35,0
DA:36,0
DA:37,0
DA:38,0
DA:39,0
DA:40,0
DA:41,0
DA:42,0
DA:43,0
DA:44,0
DA:45,0
DA:46,0
DA:47,0
DA:48,1
DA:49,1
DA:50,0
DA:51,0
DA:52,0
DA:53,0
DA:54,0
DA:55,0
DA:56,0
DA:57,0
DA:58,0
DA:59,0
DA:60,0
DA:61,0
DA:62,0
DA:63,0
DA:64,1
DA:65,1
DA:66,1
DA:67,1
LF:67
LH:24
BRDA:14,0,0,1
BRF:1
BRH:1
end_of_record
TN:
SF:src/modules/cars/useCases/listCars/ListAvailableCarsController.ts
FN:6,ListAvailableCarsController
FN:7,Object.<anonymous>.ListAvailableCarsController.handle
FNF:2
FNH:1
FNDA:1,ListAvailableCarsController
FNDA:0,Object.<anonymous>.ListAvailableCarsController.handle
DA:1,1
DA:2,1
DA:3,1
DA:4,1
DA:5,1
DA:6,1
DA:7,1
DA:8,0
DA:9,0
DA:10,0
DA:11,0
DA:12,0
DA:13,0
DA:14,0
DA:15,0
DA:16,0
DA:17,0
DA:18,0
DA:19,1
DA:20,1
DA:21,1
LF:21
LH:10
BRDA:6,0,0,1
BRDA:6,1,0,1
BRF:2
BRH:2
end_of_record
TN:
SF:src/modules/cars/useCases/listCars/ListAvailableCarsUseCase.ts
FN:13,ListAvailableCarsUseCase
FN:18,Object.<anonymous>.ListAvailableCarsUseCase.execute
FNF:2
FNH:2
FNDA:4,ListAvailableCarsUseCase
FNDA:4,Object.<anonymous>.ListAvailableCarsUseCase.execute
DA:1,1
DA:2,1
DA:3,1
DA:4,1
DA:5,1
DA:6,1
DA:7,1
DA:8,1
DA:9,1
DA:10,1
DA:11,1
DA:12,1
DA:13,1
DA:14,4
DA:15,4
DA:16,1
DA:17,1
DA:18,1
DA:19,4
DA:20,4
DA:21,4
DA:22,4
DA:23,1
DA:24,1
DA:25,1
LF:25
LH:25
BRDA:12,0,0,1
BRDA:13,1,0,4
BRDA:18,2,0,4
BRDA:19,3,0,4
BRF:4
BRH:4
end_of_record
TN:
SF:src/modules/cars/useCases/listCategories/ListCategoriesController.ts
FN:6,ListCategoriesController
FN:7,Object.<anonymous>.ListCategoriesController.handle
FNF:2
FNH:2
FNDA:1,ListCategoriesController
FNDA:1,Object.<anonymous>.ListCategoriesController.handle
DA:1,1
DA:2,1
DA:3,1
DA:4,1
DA:5,1
DA:6,1
DA:7,1
DA:8,1
DA:9,1
DA:10,1
DA:11,1
DA:12,1
DA:13,1
DA:14,1
DA:15,1
DA:16,1
LF:16
LH:16
BRDA:6,0,0,1
BRDA:6,1,0,1
BRDA:7,2,0,1
BRF:3
BRH:3
end_of_record
TN:
SF:src/modules/cars/useCases/listCategories/ListCategoriesUseCase.ts
FN:7,ListCategoriesUseCase
FN:11,Object.<anonymous>.ListCategoriesUseCase.execute
FNF:2
FNH:2
FNDA:1,ListCategoriesUseCase
FNDA:1,Object.<anonymous>.ListCategoriesUseCase.execute
DA:1,1
DA:2,1
DA:3,1
DA:4,1
DA:5,1
DA:6,1
DA:7,1
DA:8,1
DA:9,1
DA:10,1
DA:11,1
DA:12,1
DA:13,1
DA:14,1
DA:15,1
DA:16,1
DA:17,1
DA:18,1
LF:18
LH:18
BRDA:6,0,0,1
BRDA:7,1,0,1
BRDA:11,2,0,1
BRDA:12,3,0,1
BRF:4
BRH:4
end_of_record
TN:
SF:src/modules/cars/useCases/uploadCarImages/UploadCarImagesController.ts
FN:10,UploadCarImagesController
FN:11,Object.<anonymous>.UploadCarImagesController.handle
FNF:2
FNH:1
FNDA:1,UploadCarImagesController
FNDA:0,Object.<anonymous>.UploadCarImagesController.handle
DA:1,1
DA:2,1
DA:3,1
DA:4,1
DA:5,1
DA:6,1
DA:7,1
DA:8,1
DA:9,1
DA:10,1
DA:11,1
DA:12,0
DA:13,0
DA:14,0
DA:15,0
DA:16,0
DA:17,0
DA:18,0
DA:19,0
DA:20,0
DA:21,0
DA:22,0
DA:23,0
DA:24,0
DA:25,0
DA:26,1
DA:27,1
DA:28,1
LF:28
LH:14
BRDA:10,0,0,1
BRDA:10,1,0,1
BRF:2
BRH:2
end_of_record
TN:
SF:src/modules/cars/useCases/uploadCarImages/UploadCarImagesUseCase.ts
FN:12,UploadCarImagesUseCase
FN:17,Object.<anonymous>.UploadCarImagesUseCase.execute
FNF:2
FNH:0
FNDA:0,UploadCarImagesUseCase
FNDA:0,Object.<anonymous>.UploadCarImagesUseCase.execute
DA:1,1
DA:2,1
DA:3,1
DA:4,1
DA:5,1
DA:6,1
DA:7,1
DA:8,1
DA:9,1
DA:10,1
DA:11,1
DA:12,1
DA:13,0
DA:14,0
DA:15,0
DA:16,1
DA:17,1
DA:18,0
DA:19,0
DA:20,0
DA:21,0
DA:22,1
DA:23,1
DA:24,1
LF:24
LH:17
BRDA:11,0,0,1
BRF:1
BRH:1
end_of_record
TN:
SF:src/modules/rentals/useCases/createRental/CreateRentalController.ts
FN:6,CreateRentalController
FN:7,Object.<anonymous>.CreateRentalController.handle
FNF:2
FNH:1
FNDA:1,CreateRentalController
FNDA:0,Object.<anonymous>.CreateRentalController.handle
DA:1,1
DA:2,1
DA:3,1
DA:4,1
DA:5,1
DA:6,1
DA:7,1
DA:8,0
DA:9,0
DA:10,0
DA:11,0
DA:12,0
DA:13,0
DA:14,0
DA:15,0
DA:16,0
DA:17,0
DA:18,0
DA:19,0
DA:20,0
DA:21,1
DA:22,1
DA:23,1
LF:23
LH:10
BRDA:6,0,0,1
BRDA:6,1,0,1
BRF:2
BRH:2
end_of_record
TN:
SF:src/modules/rentals/useCases/createRental/CreateRentalUseCase.ts
FN:17,CreateRentalUseCase
FN:26,Object.<anonymous>.CreateRentalUseCase.execute
FNF:2
FNH:2
FNDA:1,CreateRentalUseCase
FNDA:1,Object.<anonymous>.CreateRentalUseCase.execute
DA:1,1
DA:2,1
DA:3,1
DA:4,1
DA:5,1
DA:6,1
DA:7,1
DA:8,1
DA:9,1
DA:10,1
DA:11,1
DA:12,1
DA:13,1
DA:14,1
DA:15,1
DA:16,1
DA:17,1
DA:18,1
DA:19,1
DA:20,1
DA:21,1
DA:22,1
DA:23,1
DA:24,1
DA:25,1
DA:26,1
DA:27,1
DA:28,1
DA:29,1
DA:30,1
DA:31,1
DA:32,1
DA:33,1
DA:34,1
DA:35,1
DA:36,0
DA:37,0
DA:38,1
DA:39,1
DA:40,1
DA:41,1
DA:42,0
DA:43,0
DA:44,1
DA:45,1
DA:46,1
DA:47,1
DA:48,1
DA:49,1
DA:50,0
DA:51,0
DA:52,1
DA:53,1
DA:54,1
DA:55,1
DA:56,1
DA:57,1
DA:58,1
DA:59,1
DA:60,1
DA:61,1
DA:62,1
DA:63,1
DA:64,1
DA:65,1
LF:65
LH:59
BRDA:16,0,0,1
BRDA:17,1,0,1
BRDA:26,2,0,1
BRDA:35,3,0,0
BRDA:41,4,0,0
BRDA:49,5,0,0
BRF:6
BRH:3
end_of_record
TN:
SF:src/modules/rentals/useCases/devolutionRental/DevolutionRentalController.ts
FN:6,DevolutionRentalController
FN:8,Object.<anonymous>.DevolutionRentalController.handle
FNF:2
FNH:1
FNDA:1,DevolutionRentalController
FNDA:0,Object.<anonymous>.DevolutionRentalController.handle
DA:1,1
DA:2,1
DA:3,1
DA:4,1
DA:5,1
DA:6,1
DA:7,1
DA:8,1
DA:9,0
DA:10,0
DA:11,0
DA:12,0
DA:13,0
DA:14,0
DA:15,0
DA:16,0
DA:17,1
DA:18,1
DA:19,1
DA:20,1
LF:20
LH:12
BRDA:6,0,0,1
BRDA:6,1,0,1
BRF:2
BRH:2
end_of_record
TN:
SF:src/modules/rentals/useCases/devolutionRental/DevolutionRentalUseCase.ts
FN:15,DevolutionRentalUseCase
FN:24,Object.<anonymous>.DevolutionRentalUseCase.execute
FNF:2
FNH:0
FNDA:0,DevolutionRentalUseCase
FNDA:0,Object.<anonymous>.DevolutionRentalUseCase.execute
DA:1,1
DA:2,1
DA:3,1
DA:4,1
DA:5,1
DA:6,1
DA:7,1
DA:8,1
DA:9,1
DA:10,1
DA:11,1
DA:12,1
DA:13,1
DA:14,1
DA:15,1
DA:16,0
DA:17,0
DA:18,0
DA:19,0
DA:20,0
DA:21,0
DA:22,0
DA:23,1
DA:24,1
DA:25,0
DA:26,0
DA:27,0
DA:28,0
DA:29,0
DA:30,0
DA:31,0
DA:32,0
DA:33,0
DA:34,0
DA:35,0
DA:36,0
DA:37,0
DA:38,0
DA:39,0
DA:40,0
DA:41,0
DA:42,0
DA:43,0
DA:44,0
DA:45,0
DA:46,0
DA:47,0
DA:48,0
DA:49,0
DA:50,0
DA:51,0
DA:52,0
DA:53,0
DA:54,0
DA:55,0
DA:56,1
DA:57,1
DA:58,1
DA:59,1
DA:60,1
LF:60
LH:22
BRDA:14,0,0,1
BRF:1
BRH:1
end_of_record
TN:
SF:src/modules/rentals/useCases/listRentalsByUser/ListRentalsByUserController.ts
FN:6,ListRentalsByUserController
FN:7,Object.<anonymous>.ListRentalsByUserController.handle
FNF:2
FNH:1
FNDA:1,ListRentalsByUserController
FNDA:0,Object.<anonymous>.ListRentalsByUserController.handle
DA:1,1
DA:2,1
DA:3,1
DA:4,1
DA:5,1
DA:6,1
DA:7,1
DA:8,0
DA:9,0
DA:10,0
DA:11,0
DA:12,0
DA:13,0
DA:14,1
DA:15,1
DA:16,1
LF:16
LH:10
BRDA:6,0,0,1
BRDA:6,1,0,1
BRF:2
BRH:2
end_of_record
TN:
SF:src/modules/rentals/useCases/listRentalsByUser/ListRentalsByUserUseCase.ts
FN:7,ListRentalsByUserUseCase
FN:12,Object.<anonymous>.ListRentalsByUserUseCase.execute
FNF:2
FNH:0
FNDA:0,ListRentalsByUserUseCase
FNDA:0,Object.<anonymous>.ListRentalsByUserUseCase.execute
DA:1,1
DA:2,1
DA:3,1
DA:4,1
DA:5,1
DA:6,1
DA:7,1
DA:8,0
DA:9,0
DA:10,0
DA:11,1
DA:12,1
DA:13,0
DA:14,0
DA:15,0
DA:16,0
DA:17,1
DA:18,1
DA:19,1
LF:19
LH:12
BRDA:6,0,0,1
BRF:1
BRH:1
end_of_record
